==6838== Memcheck, a memory error detector
==6838== Copyright (C) 2002-2017, and GNU GPL'd, by Julian Seward et al.
==6838== Using Valgrind-3.18.1-42b08ed5bd-20211015 and LibVEX; rerun with -h for copyright info
==6838== Command: ./output
==6838== Parent PID: 6837
==6838== 
--6838-- 
--6838-- Valgrind options:
--6838--    -v
--6838--    --tool=memcheck
--6838--    --leak-check=full
--6838--    --num-callers=40
--6838--    --log-file=valgrind.log
--6838-- Contents of /proc/version:
--6838--   Linux version 6.5.0-15-generic (buildd@bos03-amd64-040) (x86_64-linux-gnu-gcc-12 (Ubuntu 12.3.0-1ubuntu1~22.04) 12.3.0, GNU ld (GNU Binutils for Ubuntu) 2.38) #15~22.04.1-Ubuntu SMP PREEMPT_DYNAMIC Fri Jan 12 18:54:30 UTC 2
--6838-- 
--6838-- Arch and hwcaps: AMD64, LittleEndian, amd64-cx16-lzcnt-rdtscp-sse3-ssse3-avx-avx2-bmi-rdrand-rdseed
--6838-- Page sizes: currently 4096, max supported 4096
--6838-- Valgrind library directory: /usr/libexec/valgrind
--6838-- Reading syms from /home/parm/repo/CMPT300/Assignment1/output
--6838-- Reading syms from /usr/lib/x86_64-linux-gnu/ld-linux-x86-64.so.2
--6838--   Considering /usr/lib/debug/.build-id/15/921ea631d9f36502d20459c43e5c85b7d6ab76.debug ..
--6838--   .. build-id is valid
--6838-- Reading syms from /usr/libexec/valgrind/memcheck-amd64-linux
--6838--    object doesn't have a symbol table
--6838--    object doesn't have a dynamic symbol table
--6838-- Scheduler: using generic scheduler lock implementation.
--6838-- Reading suppressions file: /usr/libexec/valgrind/default.supp
==6838== embedded gdbserver: reading from /tmp/vgdb-pipe-from-vgdb-to-6838-by-parm-on-???
==6838== embedded gdbserver: writing to   /tmp/vgdb-pipe-to-vgdb-from-6838-by-parm-on-???
==6838== embedded gdbserver: shared mem   /tmp/vgdb-pipe-shared-mem-vgdb-6838-by-parm-on-???
==6838== 
==6838== TO CONTROL THIS PROCESS USING vgdb (which you probably
==6838== don't want to do, unless you know exactly what you're doing,
==6838== or are doing some strange experiment):
==6838==   /usr/bin/vgdb --pid=6838 ...command...
==6838== 
==6838== TO DEBUG THIS PROCESS USING GDB: start GDB like this
==6838==   /path/to/gdb ./output
==6838== and then give GDB the following command
==6838==   target remote | /usr/bin/vgdb --pid=6838
==6838== --pid is optional if only one valgrind process is running
==6838== 
--6838-- REDIR: 0x402aa40 (ld-linux-x86-64.so.2:strlen) redirected to 0x580bcec2 (???)
--6838-- REDIR: 0x402a810 (ld-linux-x86-64.so.2:index) redirected to 0x580bcedc (???)
--6838-- Reading syms from /usr/libexec/valgrind/vgpreload_core-amd64-linux.so
--6838--    object doesn't have a symbol table
--6838-- Reading syms from /usr/libexec/valgrind/vgpreload_memcheck-amd64-linux.so
--6838--    object doesn't have a symbol table
==6838== WARNING: new redirection conflicts with existing -- ignoring it
--6838--     old: 0x0402aa40 (strlen              ) R-> (0000.0) 0x580bcec2 ???
--6838--     new: 0x0402aa40 (strlen              ) R-> (2007.0) 0x0484ee30 strlen
--6838-- REDIR: 0x4027220 (ld-linux-x86-64.so.2:strcmp) redirected to 0x484fcd0 (strcmp)
--6838-- REDIR: 0x402afa0 (ld-linux-x86-64.so.2:mempcpy) redirected to 0x4853840 (mempcpy)
--6838-- Reading syms from /usr/lib/x86_64-linux-gnu/libc.so.6
--6838--   Considering /usr/lib/debug/.build-id/c2/89da5071a3399de893d2af81d6a30c62646e1e.debug ..
--6838--   .. build-id is valid
==6838== WARNING: new redirection conflicts with existing -- ignoring it
--6838--     old: 0x0490fc60 (memalign            ) R-> (1011.0) 0x0484e080 memalign
--6838--     new: 0x0490fc60 (memalign            ) R-> (1017.0) 0x0484e050 aligned_alloc
==6838== WARNING: new redirection conflicts with existing -- ignoring it
--6838--     old: 0x0490fc60 (memalign            ) R-> (1011.0) 0x0484e080 memalign
--6838--     new: 0x0490fc60 (memalign            ) R-> (1017.0) 0x0484e020 aligned_alloc
==6838== WARNING: new redirection conflicts with existing -- ignoring it
--6838--     old: 0x0490fc60 (memalign            ) R-> (1011.0) 0x0484e080 memalign
--6838--     new: 0x0490fc60 (memalign            ) R-> (1017.0) 0x0484e050 aligned_alloc
==6838== WARNING: new redirection conflicts with existing -- ignoring it
--6838--     old: 0x0490fc60 (memalign            ) R-> (1011.0) 0x0484e080 memalign
--6838--     new: 0x0490fc60 (memalign            ) R-> (1017.0) 0x0484e020 aligned_alloc
--6838-- REDIR: 0x4912720 (libc.so.6:strnlen) redirected to 0x483f220 (_vgnU_ifunc_wrapper)
--6838-- REDIR: 0x49129e0 (libc.so.6:strpbrk) redirected to 0x483f220 (_vgnU_ifunc_wrapper)
--6838-- REDIR: 0x49122e0 (libc.so.6:strcmp) redirected to 0x483f220 (_vgnU_ifunc_wrapper)
--6838-- REDIR: 0x4930cd0 (libc.so.6:wcsnlen) redirected to 0x483f220 (_vgnU_ifunc_wrapper)
--6838-- REDIR: 0x49136d0 (libc.so.6:memset) redirected to 0x483f220 (_vgnU_ifunc_wrapper)
--6838-- REDIR: 0x492f540 (libc.so.6:wcslen) redirected to 0x483f220 (_vgnU_ifunc_wrapper)
--6838-- REDIR: 0x4913c10 (libc.so.6:memcpy@@GLIBC_2.14) redirected to 0x483f220 (_vgnU_ifunc_wrapper)
--6838-- REDIR: 0x492f370 (libc.so.6:wcschr) redirected to 0x483f220 (_vgnU_ifunc_wrapper)
--6838-- REDIR: 0x4912260 (libc.so.6:index) redirected to 0x483f220 (_vgnU_ifunc_wrapper)
--6838-- REDIR: 0x4912960 (libc.so.6:rindex) redirected to 0x483f220 (_vgnU_ifunc_wrapper)
--6838-- REDIR: 0x49135a0 (libc.so.6:memmove) redirected to 0x483f220 (_vgnU_ifunc_wrapper)
==6838== Preferring higher priority redirection:
--6838--     old: 0x04a0a7c0 (__memcpy_avx_unalign) R-> (2018.0) 0x04850f90 __memcpy_avx_unaligned_erms
--6838--     new: 0x04a0a7c0 (__memcpy_avx_unalign) R-> (2018.1) 0x04852880 memmove
--6838-- REDIR: 0x492f3f0 (libc.so.6:wcscmp) redirected to 0x483f220 (_vgnU_ifunc_wrapper)
--6838-- REDIR: 0x49139e0 (libc.so.6:stpncpy) redirected to 0x483f220 (_vgnU_ifunc_wrapper)
--6838-- REDIR: 0x492f9b0 (libc.so.6:wmemchr) redirected to 0x483f220 (_vgnU_ifunc_wrapper)
--6838-- REDIR: 0x4912830 (libc.so.6:strncmp) redirected to 0x483f220 (_vgnU_ifunc_wrapper)
--6838-- REDIR: 0x4913a70 (libc.so.6:strcasecmp) redirected to 0x483f220 (_vgnU_ifunc_wrapper)
--6838-- REDIR: 0x4912420 (libc.so.6:strcspn) redirected to 0x483f220 (_vgnU_ifunc_wrapper)
--6838-- REDIR: 0x492f470 (libc.so.6:wcscpy) redirected to 0x483f220 (_vgnU_ifunc_wrapper)
--6838-- REDIR: 0x49121d0 (libc.so.6:strcat) redirected to 0x483f220 (_vgnU_ifunc_wrapper)
--6838-- REDIR: 0x4913b60 (libc.so.6:strncasecmp_l) redirected to 0x483f220 (_vgnU_ifunc_wrapper)
--6838-- REDIR: 0x4913480 (libc.so.6:bcmp) redirected to 0x483f220 (_vgnU_ifunc_wrapper)
--6838-- REDIR: 0x491b570 (libc.so.6:memrchr) redirected to 0x483f220 (_vgnU_ifunc_wrapper)
--6838-- REDIR: 0x4915010 (libc.so.6:strchrnul) redirected to 0x483f220 (_vgnU_ifunc_wrapper)
--6838-- REDIR: 0x4912390 (libc.so.6:strcpy) redirected to 0x483f220 (_vgnU_ifunc_wrapper)
--6838-- REDIR: 0x4913b10 (libc.so.6:strcasecmp_l) redirected to 0x483f220 (_vgnU_ifunc_wrapper)
--6838-- REDIR: 0x49126a0 (libc.so.6:strlen) redirected to 0x483f220 (_vgnU_ifunc_wrapper)
--6838-- REDIR: 0x49128d0 (libc.so.6:strncpy) redirected to 0x483f220 (_vgnU_ifunc_wrapper)
--6838-- REDIR: 0x4913950 (libc.so.6:stpcpy) redirected to 0x483f220 (_vgnU_ifunc_wrapper)
--6838-- REDIR: 0x49133f0 (libc.so.6:memchr) redirected to 0x483f220 (_vgnU_ifunc_wrapper)
--6838-- REDIR: 0x4912b00 (libc.so.6:strspn) redirected to 0x483f220 (_vgnU_ifunc_wrapper)
--6838-- REDIR: 0x49137d0 (libc.so.6:mempcpy) redirected to 0x483f220 (_vgnU_ifunc_wrapper)
--6838-- REDIR: 0x4913ac0 (libc.so.6:strncasecmp) redirected to 0x483f220 (_vgnU_ifunc_wrapper)
--6838-- REDIR: 0x4914f80 (libc.so.6:rawmemchr) redirected to 0x483f220 (_vgnU_ifunc_wrapper)
--6838-- REDIR: 0x4a07610 (libc.so.6:__strrchr_avx2) redirected to 0x484e810 (rindex)
--6838-- REDIR: 0x4a077e0 (libc.so.6:__strlen_avx2) redirected to 0x484ed10 (strlen)
--6838-- REDIR: 0x490f0a0 (libc.so.6:malloc) redirected to 0x4848820 (malloc)
--6838-- REDIR: 0x4a0a780 (libc.so.6:__mempcpy_avx_unaligned_erms) redirected to 0x4853440 (mempcpy)
--6838-- REDIR: 0x4a07400 (libc.so.6:__strchrnul_avx2) redirected to 0x4853330 (strchrnul)
--6838-- REDIR: 0x490f3e0 (libc.so.6:free) redirected to 0x484b210 (free)
==6838== 
==6838== HEAP SUMMARY:
==6838==     in use at exit: 0 bytes in 0 blocks
==6838==   total heap usage: 1 allocs, 1 frees, 1,024 bytes allocated
==6838== 
==6838== All heap blocks were freed -- no leaks are possible
==6838== 
==6838== ERROR SUMMARY: 0 errors from 0 contexts (suppressed: 0 from 0)
